<?xml version="1.0" encoding="UTF-8"?>
<!-- Generated by org.testng.reporters.JUnitReportReporter -->
<testsuite hostname="DESKTOP-MATN0N1" failures="0" tests="1" name="TestPackage.LoginPage" time="5.185" errors="0" timestamp="2022-02-10T01:18:22 IST" skipped="0">
  <testcase classname="TestPackage.LoginPage" name="LoginValidation" time="5.185"/>
  <system-out/>
</testsuite> <!-- TestPackage.LoginPage -->
